C:\Program Files (x86)\MSBuild\Microsoft.Cpp\v4.0\V140\Microsoft.CppBuild.targets(368,5): warning MSB8004: Output Directory does not end with a trailing slash.  This build instance will add the slash as it is required to allow proper evaluation of the Output Directory.
  stdafx.cpp
  main.cpp
c:\users\administrator\source\raster\dependencies\mathfu\mathfu\utilities.h(90): warning C4005: “MATHFU_COMPILE_WITH_SIMD”: 宏重定义
  c:\users\administrator\source\raster\dependencies\mathfu\mathfu\utilities.h(90): note: 命令行参数: 参见前面的“MATHFU_COMPILE_WITH_SIMD”定义
  set NOMINMAX as preprocessor macro, undefining min/max 
c:\users\administrator\source\raster\raster\rgba.hpp(32): warning C4244: “=”: 从“float”转换到“unsigned char”，可能丢失数据
c:\users\administrator\source\raster\raster\rgba.hpp(33): warning C4244: “=”: 从“float”转换到“unsigned char”，可能丢失数据
c:\users\administrator\source\raster\raster\rgba.hpp(34): warning C4244: “=”: 从“float”转换到“unsigned char”，可能丢失数据
c:\users\administrator\source\raster\raster\rgba.hpp(35): warning C4244: “=”: 从“float”转换到“unsigned char”，可能丢失数据
c:\users\administrator\source\raster\raster\math.hpp(8): warning C4005: “M_PI”: 宏重定义
  c:\program files (x86)\windows kits\10\include\10.0.10240.0\ucrt\math.h(1001): note: 参见“M_PI”的前一个定义
c:\users\administrator\source\raster\raster\image.hpp(37): warning C4244: “参数”: 从“float”转换到“int”，可能丢失数据
c:\users\administrator\source\raster\raster\colorbuffer.hpp(327): warning C4244: “初始化”: 从“const int”转换到“float”，可能丢失数据
c:\users\administrator\source\raster\raster\colorbuffer.hpp(400): warning C4018: “>=”: 有符号/无符号不匹配
c:\users\administrator\source\raster\raster\colorbuffer.hpp(449): warning C4244: “初始化”: 从“const int”转换到“float”，可能丢失数据
c:\users\administrator\source\raster\raster\colorbuffer.hpp(505): warning C4244: “初始化”: 从“const int”转换到“float”，可能丢失数据
c:\users\administrator\source\raster\raster\fps.hpp(18): warning C4244: “return”: 从“double”转换到“float”，可能丢失数据
c:\users\administrator\source\raster\raster\drawcirclesample.hpp(18): warning C4244: “参数”: 从“int”转换到“float”，可能丢失数据
c:\users\administrator\source\raster\raster\drawcirclesample.hpp(18): warning C4244: “参数”: 从“float”转换到“const int”，可能丢失数据
c:\users\administrator\source\raster\raster\drawcirclesample1.hpp(18): warning C4244: “参数”: 从“int”转换到“float”，可能丢失数据
c:\users\administrator\source\raster\raster\drawcirclesample1.hpp(18): warning C4244: “参数”: 从“float”转换到“const int”，可能丢失数据
c:\users\administrator\source\raster\raster\drawbeziercurve.hpp(19): warning C4305: “+=”: 从“double”到“float”截断
c:\users\administrator\source\raster\raster\drawbeziercurve.hpp(24): warning C4244: “=”: 从“float”转换到“int”，可能丢失数据
c:\users\administrator\source\raster\raster\drawbeziercurve.hpp(28): warning C4244: “=”: 从“float”转换到“int”，可能丢失数据
c:\users\administrator\source\raster\raster\drawcolortrianglesample.hpp(14): warning C4244: “参数”: 从“float”转换到“const int”，可能丢失数据
c:\users\administrator\source\raster\raster\drawimagesample.hpp(15): warning C4244: “参数”: 从“float”转换到“const int”，可能丢失数据
c:\users\administrator\source\raster\raster\drawtexturetriangle.hpp(14): warning C4244: “参数”: 从“float”转换到“const int”，可能丢失数据
c:\users\administrator\source\raster\raster\openglviewport.hpp(25): warning C4244: “参数”: 从“float”转换到“int”，可能丢失数据
c:\users\administrator\source\raster\raster\openglviewport.hpp(26): warning C4244: “参数”: 从“float”转换到“int”，可能丢失数据
c:\users\administrator\source\raster\raster\openglviewport.hpp(27): warning C4244: “参数”: 从“float”转换到“int”，可能丢失数据
c:\users\administrator\source\raster\raster\openglviewport.hpp(28): warning C4244: “参数”: 从“float”转换到“int”，可能丢失数据
c:\users\administrator\source\raster\raster\openglviewport.hpp(36): warning C4244: “参数”: 从“int”转换到“GLfloat”，可能丢失数据
c:\users\administrator\source\raster\raster\openglviewport.hpp(37): warning C4244: “参数”: 从“int”转换到“GLfloat”，可能丢失数据
c:\users\administrator\source\raster\raster\openglviewport.hpp(38): warning C4244: “参数”: 从“int”转换到“GLfloat”，可能丢失数据
c:\users\administrator\source\raster\raster\openglviewport.hpp(39): warning C4244: “参数”: 从“int”转换到“GLfloat”，可能丢失数据
c:\users\administrator\source\raster\raster\openglviewport.hpp(48): warning C4244: “参数”: 从“int”转换到“GLfloat”，可能丢失数据
c:\users\administrator\source\raster\raster\openglviewport.hpp(49): warning C4244: “参数”: 从“int”转换到“GLfloat”，可能丢失数据
c:\users\administrator\source\raster\raster\openglviewport.hpp(50): warning C4244: “参数”: 从“int”转换到“GLfloat”，可能丢失数据
c:\users\administrator\source\raster\raster\opengltranslate.hpp(31): warning C4244: “参数”: 从“float”转换到“int”，可能丢失数据
c:\users\administrator\source\raster\raster\opengltranslate.hpp(32): warning C4244: “参数”: 从“float”转换到“int”，可能丢失数据
c:\users\administrator\source\raster\raster\opengltranslate.hpp(33): warning C4244: “参数”: 从“float”转换到“int”，可能丢失数据
c:\users\administrator\source\raster\raster\opengltranslate.hpp(34): warning C4244: “参数”: 从“float”转换到“int”，可能丢失数据
c:\users\administrator\source\raster\raster\opengltranslate.hpp(62): warning C4244: “参数”: 从“int”转换到“GLfloat”，可能丢失数据
c:\users\administrator\source\raster\raster\opengltranslate.hpp(63): warning C4244: “参数”: 从“int”转换到“GLfloat”，可能丢失数据
c:\users\administrator\source\raster\raster\opengltranslate.hpp(64): warning C4244: “参数”: 从“int”转换到“GLfloat”，可能丢失数据
c:\users\administrator\source\raster\raster\opengltranslate.hpp(65): warning C4244: “参数”: 从“int”转换到“GLfloat”，可能丢失数据
c:\users\administrator\source\raster\raster\opengltranslate.hpp(74): warning C4244: “参数”: 从“int”转换到“GLfloat”，可能丢失数据
c:\users\administrator\source\raster\raster\opengltranslate.hpp(75): warning C4244: “参数”: 从“int”转换到“GLfloat”，可能丢失数据
c:\users\administrator\source\raster\raster\opengltranslate.hpp(76): warning C4244: “参数”: 从“int”转换到“GLfloat”，可能丢失数据
  Raster2015.vcxproj -> C:\Users\Administrator\source\Raster\Raster\/../bin\Raster2015.exe
